[2021-01-26T10:54:22.349] [INFO] resLogger - 
*************** response log start ***************
request method: GET
request originalUrl:  /user
request client ip:  ::ffff:192.168.31.79
request query:  {}
response time: 4
response status: 404
response body: 
undefined
*************** response log end ***************

[2021-01-26T10:56:07.437] [INFO] resLogger - 
*************** response log start ***************
request method: GET
request originalUrl:  /user
request client ip:  ::ffff:192.168.31.79
request query:  {}
response time: 4
response status: 404
response body: 
undefined
*************** response log end ***************

[2021-01-26T10:57:56.367] [INFO] resLogger - 
*************** response log start ***************
request method: GET
request originalUrl:  /user
request client ip:  ::ffff:192.168.31.79
request query:  {}
response time: 7
response status: 404
response body: 
undefined
*************** response log end ***************

