[2021-02-01T10:53:54.108] [INFO] resLogger - 
*************** response log start ***************
request method: GET
request originalUrl:  /api/login?account=001&password=111111
request client ip:  ::ffff:127.0.0.1
request query:  {"account":"001","password":"111111"}
response time: 78
response status: 200
response body: 
{"code":0,"data":{"name":"张三","age":18,"phone":"199339922383"}}
*************** response log end ***************

[2021-02-01T10:53:59.708] [INFO] resLogger - 
*************** response log start ***************
request method: POST
request originalUrl:  /api/loginOut
request client ip:  ::ffff:127.0.0.1
request body: 
{}
response time: 1
response status: 405
response body: 
undefined
*************** response log end ***************

[2021-02-01T10:54:54.620] [INFO] resLogger - 
*************** response log start ***************
request method: GET
request originalUrl:  /api/login?account=001&password=111111
request client ip:  ::ffff:127.0.0.1
request query:  {"account":"001","password":"111111"}
response time: 13
response status: 200
response body: 
{"code":0,"data":{"name":"张三","age":18,"phone":"199339922383"}}
*************** response log end ***************

