[2021-01-25T16:27:04.092] [INFO] resLogger - 
*************** response log start ***************
request method: GET
request originalUrl:  /user
request client ip:  ::ffff:192.168.31.79
request query:  {}
response time: 1
response status: 200
response body: 
123
*************** response log end ***************

[2021-01-25T16:31:55.275] [INFO] resLogger - 
*************** response log start ***************
request method: GET
request originalUrl:  /user
request client ip:  ::ffff:192.168.31.79
request query:  {}
response time: 1
response status: 200
response body: 
123
*************** response log end ***************

