[2021-01-29T16:41:43.923] [INFO] resLogger - 
*************** response log start ***************
request method: POST
request originalUrl:  /api/query
request client ip:  ::ffff:127.0.0.1
request body: 
{}
response time: 1
response status: 200
response body: 
{"code":0,"data":123}
*************** response log end ***************

[2021-01-29T16:41:43.927] [INFO] resLogger - 
*************** response log start ***************
request method: POST
request originalUrl:  /api/query
request client ip:  ::ffff:127.0.0.1
request body: 
{}
response time: 0
response status: 200
response body: 
{"code":0,"data":123}
*************** response log end ***************

[2021-01-29T16:41:43.932] [INFO] resLogger - 
*************** response log start ***************
request method: POST
request originalUrl:  /api/query
request client ip:  ::ffff:127.0.0.1
request body: 
{}
response time: 0
response status: 200
response body: 
{"code":0,"data":123}
*************** response log end ***************

[2021-01-29T16:41:43.941] [INFO] resLogger - 
*************** response log start ***************
request method: POST
request originalUrl:  /api/query
request client ip:  ::ffff:127.0.0.1
request body: 
{}
response time: 0
response status: 200
response body: 
{"code":0,"data":123}
*************** response log end ***************

