[2021-02-01T13:16:07.942] [INFO] resLogger - 
*************** response log start ***************
request method: GET
request originalUrl:  /about
request client ip:  ::ffff:127.0.0.1
request query:  {}
response time: 0
response status: 404
response body: 
undefined
*************** response log end ***************

[2021-02-01T13:16:28.809] [INFO] resLogger - 
*************** response log start ***************
request method: GET
request originalUrl:  /api/out
request client ip:  ::ffff:127.0.0.1
request query:  {}
response time: 1
response status: 200
response body: 
{"code":0,"data":"退出成功"}
*************** response log end ***************

