[2021-02-01T14:23:25.908] [INFO] resLogger - 
*************** response log start ***************
request method: GET
request originalUrl:  /api/user/login?account=001&password=111111
request client ip:  ::ffff:127.0.0.1
request query:  {"account":"001","password":"111111"}
response time: 15
response status: 200
response body: 
{"code":0,"data":{"name":"张三","age":18,"phone":"199339922383"}}
*************** response log end ***************

[2021-02-01T14:23:46.151] [INFO] resLogger - 
*************** response log start ***************
request method: POST
request originalUrl:  /api/user/query
request client ip:  ::ffff:127.0.0.1
request body: 
{}
response time: 2
response status: 200
response body: 
{"code":0,"data":"{\"id\":1,\"name\":\"张三\",\"age\":18,\"phone\":\"199339922383\",\"dep_Id\":200,\"account\":\"001\",\"password\":\"111111\"}"}
*************** response log end ***************

[2021-02-01T14:28:59.963] [INFO] resLogger - 
*************** response log start ***************
request method: GET
request originalUrl:  /about
request client ip:  ::ffff:127.0.0.1
request query:  {}
response time: 0
response status: 404
response body: 
undefined
*************** response log end ***************

