[2021-01-28T17:50:17.432] [INFO] resLogger - 
*************** response log start ***************
request method: GET
request originalUrl:  /about
request client ip:  ::ffff:127.0.0.1
request query:  {}
response time: 4
response status: 404
response body: 
undefined
*************** response log end ***************

[2021-01-28T17:50:40.615] [INFO] resLogger - 
*************** response log start ***************
request method: GET
request originalUrl:  /api/login?account=001&password=111111
request client ip:  ::ffff:127.0.0.1
request query:  {"account":"001","password":"111111"}
response time: 16
response status: 200
response body: 
{"code":0,"data":{"user":{"NAME":"张三","AGE":18,"PHONE":"199339922383","PASSWORD":"111111"},"token":"eyJhbGciOiJIUzI1NiIsInR5cCI6IkpXVCJ9.eyJwYXNzd29yZCI6IjExMTExMSIsIm5hbWUiOiLlvKDkuIkiLCJpYXQiOjE2MTE4Mjc0NDAsImV4cCI6MTYxMTg0MTg0MH0.rTkdwq8c22YnzBWQahD2V96qmBiiaKNDlcv3QW-NfXY"}}
*************** response log end ***************

[2021-01-28T17:50:40.659] [INFO] resLogger - 
*************** response log start ***************
request method: POST
request originalUrl:  /api/query
request client ip:  ::ffff:127.0.0.1
request body: 
{}
response time: 0
response status: 200
response body: 
{"code":0,"data":123}
*************** response log end ***************

