[2021-02-01T11:51:54.784] [INFO] resLogger - 
*************** response log start ***************
request method: POST
request originalUrl:  /api/query
request client ip:  ::ffff:127.0.0.1
request body: 
{}
response time: 3
response status: 200
response body: 
{"code":0,"data":"{\"id\":1,\"name\":\"张三\",\"age\":18,\"phone\":\"199339922383\",\"dep_Id\":200,\"account\":\"001\",\"password\":\"111111\"}"}
*************** response log end ***************

[2021-02-01T11:52:42.348] [INFO] resLogger - 
*************** response log start ***************
request method: GET
request originalUrl:  /api/out
request client ip:  ::ffff:127.0.0.1
request query:  {}
response time: 4
response status: 200
response body: 
{"code":0,"data":"退出成功"}
*************** response log end ***************

