[2021-01-28T18:14:49.429] [INFO] resLogger - 
*************** response log start ***************
request method: GET
request originalUrl:  /api/login?account=001&password=111111
request client ip:  ::ffff:127.0.0.1
request query:  {"account":"001","password":"111111"}
response time: 13
response status: 200
response body: 
{"code":0,"data":{"user":{"NAME":"张三","AGE":18,"PHONE":"199339922383","PASSWORD":"111111"},"token":"eyJhbGciOiJIUzI1NiIsInR5cCI6IkpXVCJ9.eyJwYXNzd29yZCI6IjExMTExMSIsIm5hbWUiOiLlvKDkuIkiLCJpYXQiOjE2MTE4Mjg4ODksImV4cCI6MTYxMTg0MzI4OX0.m4nPoO7AUxROfZj2KwSWZ5i2TNIqhw69f0XZb2xllyk"}}
*************** response log end ***************

[2021-01-28T18:14:49.469] [INFO] resLogger - 
*************** response log start ***************
request method: POST
request originalUrl:  /api/query
request client ip:  ::ffff:127.0.0.1
request body: 
{}
response time: 0
response status: 200
response body: 
{"code":0,"data":123}
*************** response log end ***************

