[2021-01-27T14:40:41.761] [INFO] resLogger - 
*************** response log start ***************
request method: GET
request originalUrl:  /api/register
request client ip:  ::ffff:192.168.31.79
request query:  {}
response time: 0
response status: 404
response body: 
undefined
*************** response log end ***************

[2021-01-27T14:46:18.750] [INFO] resLogger - 
*************** response log start ***************
request method: GET
request originalUrl:  /api/register?name=asd
request client ip:  ::ffff:192.168.31.79
request query:  {"name":"asd"}
response time: 21
response status: 200
response body: 
{"code":0,"data":[{"id":1,"name":"张三","age":18,"phone":"199339922383","dep_Id":200},{"id":2,"name":"张三","age":19,"phone":"19933992283","dep_Id":200},{"id":4,"name":"李四","age":29,"phone":"18833882273","dep_Id":201},{"id":5,"name":"王五","age":13,"phone":"18511211101","dep_Id":203}]}
*************** response log end ***************

[2021-01-27T14:47:09.067] [INFO] resLogger - 
*************** response log start ***************
request method: GET
request originalUrl:  /api/register?name=asd
request client ip:  ::ffff:192.168.31.79
request query:  {"name":"asd"}
response time: 16
response status: 200
response body: 
{"code":0,"data":[{"id":1,"name":"张三","age":18,"phone":"199339922383","dep_Id":200},{"id":2,"name":"张三","age":19,"phone":"19933992283","dep_Id":200},{"id":4,"name":"李四","age":29,"phone":"18833882273","dep_Id":201},{"id":5,"name":"王五","age":13,"phone":"18511211101","dep_Id":203}]}
*************** response log end ***************

