[2021-01-28T13:49:37.228] [ERROR] errorLogger - 
*************** error log start ***************
request method: GET
request originalUrl:  /api/goods
request client ip:  ::ffff:127.0.0.1
request query:  {}
response time: 2
err name: UnauthorizedError
err message: Authentication Error
err stack: UnauthorizedError: Authentication Error
    at Object.throw (/Users/zhengbaofeng/project/koa-vue/node_modules/koa/lib/context.js:97:11)
    at jwt (/Users/zhengbaofeng/project/koa-vue/node_modules/koa-jwt/lib/index.js:23:22)
    at /Users/zhengbaofeng/project/koa-vue/node_modules/koa-unless/index.js:29:12
    at dispatch (/Users/zhengbaofeng/project/koa-vue/node_modules/koa-compose/index.js:42:32)
    at allowedMethods (/Users/zhengbaofeng/project/koa-vue/node_modules/koa-router/lib/router.js:433:12)
    at dispatch (/Users/zhengbaofeng/project/koa-vue/node_modules/koa-compose/index.js:42:32)
    at dispatch (/Users/zhengbaofeng/project/koa-vue/node_modules/koa-router/lib/router.js:353:32)
    at dispatch (/Users/zhengbaofeng/project/koa-vue/node_modules/koa-compose/index.js:42:32)
    at /Users/zhengbaofeng/project/koa-vue/servers/app.js:55:9
    at dispatch (/Users/zhengbaofeng/project/koa-vue/node_modules/koa-compose/index.js:42:32)
    at /Users/zhengbaofeng/project/koa-vue/servers/app.js:48:9
    at dispatch (/Users/zhengbaofeng/project/koa-vue/node_modules/koa-compose/index.js:42:32)
    at /Users/zhengbaofeng/project/koa-vue/servers/app.js:38:11
    at dispatch (/Users/zhengbaofeng/project/koa-vue/node_modules/koa-compose/index.js:42:32)
    at views (/Users/zhengbaofeng/project/node_modules/koa-views/src/index.js:91:12)
    at dispatch (/Users/zhengbaofeng/project/koa-vue/node_modules/koa-compose/index.js:42:32)
*************** error log end ***************

